[0.000000] (-) TimerEvent: {}
[0.000108] (object_detection) JobQueued: {'identifier': 'object_detection', 'dependencies': OrderedDict()}
[0.000146] (object_detection) JobStarted: {'identifier': 'object_detection'}
[0.099413] (-) TimerEvent: {}
[0.199674] (-) TimerEvent: {}
[0.299929] (-) TimerEvent: {}
[0.372799] (object_detection) StderrLine: {'line': b'Traceback (most recent call last):\n  File "/usr/lib/python3/dist-packages/colcon_core/executor/__init__.py", line 91, in __call__\n    rc = await self.task(*args, **kwargs)\n  File "/usr/lib/python3/dist-packages/colcon_core/task/__init__.py", line 93, in __call__\n    return await task_method(*args, **kwargs)\n  File "/usr/lib/python3/dist-packages/colcon_ros/task/ament_python/build.py", line 102, in build\n    return await extension.build(additional_hooks=additional_hooks)\n  File "/usr/lib/python3/dist-packages/colcon_core/task/python/build.py", line 85, in build\n    available_commands = await self._get_available_commands(\n  File "/usr/lib/python3/dist-packages/colcon_core/task/python/build.py", line 175, in _get_available_commands\n    output = await check_output(\n  File "/usr/lib/python3/dist-packages/colcon_core/subprocess.py", line 129, in check_output\n    assert not rc, f\'Expected {args} to pass: {stderr_data}\'\nAssertionError: Expected [\'/usr/bin/python3\', \'setup.py\', \'--help-commands\'] to pass: Traceback (most recent call last):\n  File "/home/kevin/ros2_airweek/src/object_detection/setup.py", line 5, in <module>\n    setup(\n  File "/home/kevin/.local/lib/python3.10/site-packages/setuptools/__init__.py", line 153, in setup\n    return distutils.core.setup(**attrs)\n  File "/usr/lib/python3.10/distutils/core.py", line 134, in setup\n    ok = dist.parse_command_line()\n  File "/usr/lib/python3.10/distutils/dist.py", line 480, in parse_command_line\n    if self.handle_display_options(option_order):\n  File "/home/kevin/.local/lib/python3.10/site-packages/setuptools/dist.py", line 1117, in handle_display_options\n    return _Distribution.handle_display_options(self, option_order)\n  File "/usr/lib/python3.10/distutils/dist.py", line 683, in handle_display_options\n    self.print_commands()\n  File "/home/kevin/.local/lib/python3.10/site-packages/setuptools/dist.py", line 893, in print_commands\n    cmdclass = ep.resolve()\n  File "/home/kevin/.local/lib/python3.10/site-packages/pkg_resources/__init__.py", line 2456, in resolve\n    module = __import__(self.module_name, fromlist=[\'__name__\'], level=0)\n  File "/home/kevin/.local/lib/python3.10/site-packages/sphinx/setup_command.py", line 21, in <module>\n    from sphinx.application import Sphinx\n  File "/home/kevin/.local/lib/python3.10/site-packages/sphinx/application.py", line 31, in <module>\n    from sphinx.config import Config\n  File "/home/kevin/.local/lib/python3.10/site-packages/sphinx/config.py", line 21, in <module>\n    from sphinx.util import logging\n  File "/home/kevin/.local/lib/python3.10/site-packages/sphinx/util/__init__.py", line 41, in <module>\n    from sphinx.util.typing import PathMatcher\n  File "/home/kevin/.local/lib/python3.10/site-packages/sphinx/util/typing.py", line 37, in <module>\n    from types import Union as types_Union\nImportError: cannot import name \'Union\' from \'types\' (/usr/lib/python3.10/types.py)\n\n'}
[0.373071] (object_detection) JobEnded: {'identifier': 'object_detection', 'rc': 1}
[0.383248] (-) EventReactorShutdown: {}
